<?xml version="1.0" encoding="UTF-8"?>
<testsuite xmlns:xsi="http://www.w3.org/2001/XMLSchema-instance" xsi:noNamespaceSchemaLocation="https://maven.apache.org/surefire/maven-surefire-plugin/xsd/surefire-test-report.xsd" name="ru.netology.RadioTest" time="0.1" tests="15" errors="0" skipped="0" failures="0">
  <properties>
[...]
</properties>
  <testcase name="shouldNotSetVolumeAboveMax" classname="ru.netology.RadioTest" time="0.047"/>
  <testcase name="shouldNotSetVolumeBelowMin" classname="ru.netology.RadioTest" time="0"/>
  <testcase name="shouldSetPrevRadioStation" classname="ru.netology.RadioTest" time="0.002"/>
  <testcase name="shouldIncreaseVolume" classname="ru.netology.RadioTest" time="0.001"/>
  <testcase name="shouldSetVolume" classname="ru.netology.RadioTest" time="0.002"/>
  <testcase name="shouldNotSetRadioStationAboveMax" classname="ru.netology.RadioTest" time="0"/>
  <testcase name="shouldNotSetRadioStationBelowMin" classname="ru.netology.RadioTest" time="0.004"/>
  <testcase name="shouldNotSetPrevRadioStationBelowMin" classname="ru.netology.RadioTest" time="0.001"/>
  <testcase name="shouldNotIncreaseVolumeAboveMax" classname="ru.netology.RadioTest" time="0.005"/>
  <testcase name="shouldNotReduceVolumeBelowMin" classname="ru.netology.RadioTest" time="0.001"/>
  <testcase name="shouldSetRadiostationChose" classname="ru.netology.RadioTest" time="0"/>
  <testcase name="shouldNotSetNextRadioStationAboveMax" classname="ru.netology.RadioTest" time="0.001"/>
  <testcase name="shouldSetNextRadioStation" classname="ru.netology.RadioTest" time="0.001"/>
  <testcase name="shouldSetRadioStation" classname="ru.netology.RadioTest" time="0.001"/>
  <testcase name="shouldReduceVolume" classname="ru.netology.RadioTest" time="0.001"/>
</testsuite>